c:\users\lenovo loq\source\repos\kkshaolin\objectdetection\ass\ass\x64\debug\vc145.pdb
c:\users\lenovo loq\source\repos\kkshaolin\objectdetection\ass\ass\x64\debug\.netframework,version=v4.7.2.assemblyattributes.obj
c:\users\lenovo loq\source\repos\kkshaolin\objectdetection\ass\ass\x64\debug\showout.obj
c:\users\lenovo loq\source\repos\kkshaolin\objectdetection\ass\ass\x64\debug\myform2.obj
c:\users\lenovo loq\source\repos\kkshaolin\objectdetection\ass\ass\x64\debug\myform1.obj
c:\users\lenovo loq\source\repos\kkshaolin\objectdetection\ass\ass\x64\debug\myform.obj
c:\users\lenovo loq\source\repos\kkshaolin\objectdetection\ass\ass\x64\debug\main.obj
c:\users\lenovo loq\source\repos\kkshaolin\objectdetection\ass\x64\debug\ass.exe
c:\users\lenovo loq\source\repos\kkshaolin\objectdetection\ass\x64\debug\ass.pdb
c:\users\lenovo loq\source\repos\kkshaolin\objectdetection\ass\ass\x64\debug\ass.tlog\cl.command.1.tlog
c:\users\lenovo loq\source\repos\kkshaolin\objectdetection\ass\ass\x64\debug\ass.tlog\cl.items.tlog
c:\users\lenovo loq\source\repos\kkshaolin\objectdetection\ass\ass\x64\debug\ass.tlog\cl.read.1.tlog
c:\users\lenovo loq\source\repos\kkshaolin\objectdetection\ass\ass\x64\debug\ass.tlog\cl.write.1.tlog
c:\users\lenovo loq\source\repos\kkshaolin\objectdetection\ass\ass\x64\debug\ass.tlog\link.command.1.tlog
c:\users\lenovo loq\source\repos\kkshaolin\objectdetection\ass\ass\x64\debug\ass.tlog\link.read.1.tlog
c:\users\lenovo loq\source\repos\kkshaolin\objectdetection\ass\ass\x64\debug\ass.tlog\link.secondary.1.tlog
c:\users\lenovo loq\source\repos\kkshaolin\objectdetection\ass\ass\x64\debug\ass.tlog\link.write.1.tlog
c:\users\lenovo loq\source\repos\kkshaolin\objectdetection\ass\ass\x64\debug\ass.tlog\metagen.read.1.tlog
c:\users\lenovo loq\source\repos\kkshaolin\objectdetection\ass\ass\x64\debug\ass.tlog\metagen.write.1.tlog
c:\users\lenovo loq\source\repos\kkshaolin\objectdetection\ass\ass\x64\debug\ass.tlog\resgen.command.1.tlog
c:\users\lenovo loq\source\repos\kkshaolin\objectdetection\ass\ass\x64\debug\ass.tlog\resgen.read.1.tlog
c:\users\lenovo loq\source\repos\kkshaolin\objectdetection\ass\ass\x64\debug\ass.tlog\resgen.write.1.tlog
